Base path: C:/Program Files/Unity/Hub/Editor/2018.3.0f2/Editor/Data
Cmd: initializeCompiler
Cmd: preprocessCompute
  insize=4748 outsize=4750 ok=1
Cmd: preprocessCompute
  insize=3535 outsize=3537 ok=1
Cmd: preprocess
  insize=10115 outsize=429 ok=1
Cmd: preprocessCompute
  insize=1563 outsize=1565 ok=1
Cmd: preprocessCompute
  insize=2889 outsize=2891 ok=1
Cmd: preprocessCompute
  insize=1542 outsize=1544 ok=1
Cmd: preprocess
  insize=7996 outsize=428 ok=1
Cmd: preprocessCompute
  insize=1489 outsize=1491 ok=1
Cmd: preprocessCompute
  insize=5283 outsize=5285 ok=1
Cmd: preprocessCompute
  insize=4905 outsize=4907 ok=1
Cmd: preprocess
  insize=10591 outsize=416 ok=1
Cmd: initializeCompiler
Cmd: initializeCompiler
Cmd: initializeCompiler
Cmd: initializeCompiler
Cmd: preprocess
  insize=10388 outsize=3956 ok=1
Cmd: preprocess
  insize=3569 outsize=2622 ok=1
Cmd: preprocess
  insize=7317 outsize=2448 ok=1
Cmd: preprocess
  insize=7975 outsize=2720 ok=1
Cmd: preprocess
  insize=10381 outsize=3946 ok=1
Cmd: preprocess
  insize=4407 outsize=3641 ok=1
Cmd: preprocess
  insize=7327 outsize=2458 ok=1
